This file contains any messages produced by compilers while
running configure, to aid debugging if configure makes a mistake.

It was created by WSDLPull configure 1.24, which was
generated by GNU Autoconf 2.65.  Invocation command line was

  $ ./configure --no-create --no-recursion

## --------- ##
## Platform. ##
## --------- ##

hostname = anton-hp
uname -m = x86_64
uname -r = 3.0.0-12-generic
uname -s = Linux
uname -v = #20-Ubuntu SMP Fri Oct 7 14:56:25 UTC 2011

/usr/bin/uname -p = unknown
/bin/uname -X     = unknown

/bin/arch              = unknown
/usr/bin/arch -k       = unknown
/usr/convex/getsysinfo = unknown
/usr/bin/hostinfo      = unknown
/bin/machine           = unknown
/usr/bin/oslevel       = unknown
/bin/universe          = unknown

PATH: /home/sozontov/.rvm/gems/ruby-1.9.2-p180@ezags-admin/bin
PATH: /home/sozontov/.rvm/gems/ruby-1.9.2-p180@global/bin
PATH: /home/sozontov/.rvm/rubies/ruby-1.9.2-p180/bin
PATH: /home/sozontov/.rvm/bin
PATH: /home/sozontov/bin
PATH: /usr/lib/lightdm/lightdm
PATH: /usr/local/sbin
PATH: /usr/local/bin
PATH: /usr/sbin
PATH: /usr/bin
PATH: /sbin
PATH: /bin
PATH: /usr/games


## ----------- ##
## Core tests. ##
## ----------- ##

configure:2659: checking for a BSD-compatible install
configure:2727: result: /usr/bin/install -c
configure:2738: checking whether build environment is sane
configure:2788: result: yes
configure:2929: checking for a thread-safe mkdir -p
configure:2968: result: /bin/mkdir -p
configure:2981: checking for gawk
configure:3011: result: no
configure:2981: checking for mawk
configure:2997: found /usr/bin/mawk
configure:3008: result: mawk
configure:3019: checking whether make sets $(MAKE)
configure:3041: result: yes
configure:3147: checking build system type
configure:3161: result: x86_64-unknown-linux-gnu
configure:3181: checking host system type
configure:3194: result: x86_64-unknown-linux-gnu
configure:3400: checking for g++
configure:3416: found /usr/bin/g++
configure:3427: result: g++
configure:3454: checking for C++ compiler version
configure:3463: g++ --version >&5
g++ (Ubuntu/Linaro 4.6.1-9ubuntu3) 4.6.1
Copyright (C) 2011 Free Software Foundation, Inc.
This is free software; see the source for copying conditions.  There is NO
warranty; not even for MERCHANTABILITY or FITNESS FOR A PARTICULAR PURPOSE.

configure:3474: $? = 0
configure:3463: g++ -v >&5
Using built-in specs.
COLLECT_GCC=g++
COLLECT_LTO_WRAPPER=/usr/lib/gcc/x86_64-linux-gnu/4.6.1/lto-wrapper
Target: x86_64-linux-gnu
Configured with: ../src/configure -v --with-pkgversion='Ubuntu/Linaro 4.6.1-9ubuntu3' --with-bugurl=file:///usr/share/doc/gcc-4.6/README.Bugs --enable-languages=c,c++,fortran,objc,obj-c++,go --prefix=/usr --program-suffix=-4.6 --enable-shared --enable-linker-build-id --with-system-zlib --libexecdir=/usr/lib --without-included-gettext --enable-threads=posix --with-gxx-include-dir=/usr/include/c++/4.6 --libdir=/usr/lib --enable-nls --with-sysroot=/ --enable-clocale=gnu --enable-libstdcxx-debug --enable-libstdcxx-time=yes --enable-plugin --enable-objc-gc --disable-werror --with-arch-32=i686 --with-tune=generic --enable-checking=release --build=x86_64-linux-gnu --host=x86_64-linux-gnu --target=x86_64-linux-gnu
Thread model: posix
gcc version 4.6.1 (Ubuntu/Linaro 4.6.1-9ubuntu3) 
configure:3474: $? = 0
configure:3463: g++ -V >&5
g++: error: unrecognized option '-V'
g++: fatal error: no input files
compilation terminated.
configure:3474: $? = 4
configure:3463: g++ -qversion >&5
g++: error: unrecognized option '-qversion'
g++: fatal error: no input files
compilation terminated.
configure:3474: $? = 4
configure:3494: checking whether the C++ compiler works
configure:3516: g++    conftest.cpp  >&5
configure:3520: $? = 0
configure:3569: result: yes
configure:3572: checking for C++ compiler default output file name
configure:3574: result: a.out
configure:3580: checking for suffix of executables
configure:3587: g++ -o conftest    conftest.cpp  >&5
configure:3591: $? = 0
configure:3613: result: 
configure:3635: checking whether we are cross compiling
configure:3643: g++ -o conftest    conftest.cpp  >&5
configure:3647: $? = 0
configure:3654: ./conftest
configure:3658: $? = 0
configure:3673: result: no
configure:3678: checking for suffix of object files
configure:3700: g++ -c   conftest.cpp >&5
configure:3704: $? = 0
configure:3725: result: o
configure:3729: checking whether we are using the GNU C++ compiler
configure:3748: g++ -c   conftest.cpp >&5
configure:3748: $? = 0
configure:3757: result: yes
configure:3766: checking whether g++ accepts -g
configure:3786: g++ -c -g  conftest.cpp >&5
configure:3786: $? = 0
configure:3827: result: yes
configure:3861: checking for style of include used by make
configure:3889: result: GNU
configure:3914: checking dependency style of g++
configure:4024: result: gcc3
configure:4044: checking how to run the C++ preprocessor
configure:4071: g++ -E  conftest.cpp
configure:4071: $? = 0
configure:4085: g++ -E  conftest.cpp
conftest.cpp:11:28: fatal error: ac_nonexistent.h: No such file or directory
compilation terminated.
configure:4085: $? = 1
configure: failed program was:
| /* confdefs.h */
| #define PACKAGE_NAME "WSDLPull"
| #define PACKAGE_TARNAME "wsdlpull"
| #define PACKAGE_VERSION "1.24"
| #define PACKAGE_STRING "WSDLPull 1.24"
| #define PACKAGE_BUGREPORT "vivek200120@users.sourceforge.net"
| #define PACKAGE_URL ""
| #define PACKAGE "wsdlpull"
| #define VERSION "1.24"
| /* end confdefs.h.  */
| #include <ac_nonexistent.h>
configure:4110: result: g++ -E
configure:4130: g++ -E  conftest.cpp
configure:4130: $? = 0
configure:4144: g++ -E  conftest.cpp
conftest.cpp:11:28: fatal error: ac_nonexistent.h: No such file or directory
compilation terminated.
configure:4144: $? = 1
configure: failed program was:
| /* confdefs.h */
| #define PACKAGE_NAME "WSDLPull"
| #define PACKAGE_TARNAME "wsdlpull"
| #define PACKAGE_VERSION "1.24"
| #define PACKAGE_STRING "WSDLPull 1.24"
| #define PACKAGE_BUGREPORT "vivek200120@users.sourceforge.net"
| #define PACKAGE_URL ""
| #define PACKAGE "wsdlpull"
| #define VERSION "1.24"
| /* end confdefs.h.  */
| #include <ac_nonexistent.h>
configure:4284: checking for C++ compiler version
configure:4293: g++ --version >&5
g++ (Ubuntu/Linaro 4.6.1-9ubuntu3) 4.6.1
Copyright (C) 2011 Free Software Foundation, Inc.
This is free software; see the source for copying conditions.  There is NO
warranty; not even for MERCHANTABILITY or FITNESS FOR A PARTICULAR PURPOSE.

configure:4304: $? = 0
configure:4293: g++ -v >&5
Using built-in specs.
COLLECT_GCC=g++
COLLECT_LTO_WRAPPER=/usr/lib/gcc/x86_64-linux-gnu/4.6.1/lto-wrapper
Target: x86_64-linux-gnu
Configured with: ../src/configure -v --with-pkgversion='Ubuntu/Linaro 4.6.1-9ubuntu3' --with-bugurl=file:///usr/share/doc/gcc-4.6/README.Bugs --enable-languages=c,c++,fortran,objc,obj-c++,go --prefix=/usr --program-suffix=-4.6 --enable-shared --enable-linker-build-id --with-system-zlib --libexecdir=/usr/lib --without-included-gettext --enable-threads=posix --with-gxx-include-dir=/usr/include/c++/4.6 --libdir=/usr/lib --enable-nls --with-sysroot=/ --enable-clocale=gnu --enable-libstdcxx-debug --enable-libstdcxx-time=yes --enable-plugin --enable-objc-gc --disable-werror --with-arch-32=i686 --with-tune=generic --enable-checking=release --build=x86_64-linux-gnu --host=x86_64-linux-gnu --target=x86_64-linux-gnu
Thread model: posix
gcc version 4.6.1 (Ubuntu/Linaro 4.6.1-9ubuntu3) 
configure:4304: $? = 0
configure:4293: g++ -V >&5
g++: error: unrecognized option '-V'
g++: fatal error: no input files
compilation terminated.
configure:4304: $? = 4
configure:4293: g++ -qversion >&5
g++: error: unrecognized option '-qversion'
g++: fatal error: no input files
compilation terminated.
configure:4304: $? = 4
configure:4308: checking whether we are using the GNU C++ compiler
configure:4336: result: yes
configure:4345: checking whether g++ accepts -g
configure:4406: result: yes
configure:4431: checking dependency style of g++
configure:4541: result: gcc3
configure:4604: checking for gcc
configure:4620: found /usr/bin/gcc
configure:4631: result: gcc
configure:4860: checking for C compiler version
configure:4869: gcc --version >&5
gcc (Ubuntu/Linaro 4.6.1-9ubuntu3) 4.6.1
Copyright (C) 2011 Free Software Foundation, Inc.
This is free software; see the source for copying conditions.  There is NO
warranty; not even for MERCHANTABILITY or FITNESS FOR A PARTICULAR PURPOSE.

configure:4880: $? = 0
configure:4869: gcc -v >&5
Using built-in specs.
COLLECT_GCC=gcc
COLLECT_LTO_WRAPPER=/usr/lib/gcc/x86_64-linux-gnu/4.6.1/lto-wrapper
Target: x86_64-linux-gnu
Configured with: ../src/configure -v --with-pkgversion='Ubuntu/Linaro 4.6.1-9ubuntu3' --with-bugurl=file:///usr/share/doc/gcc-4.6/README.Bugs --enable-languages=c,c++,fortran,objc,obj-c++,go --prefix=/usr --program-suffix=-4.6 --enable-shared --enable-linker-build-id --with-system-zlib --libexecdir=/usr/lib --without-included-gettext --enable-threads=posix --with-gxx-include-dir=/usr/include/c++/4.6 --libdir=/usr/lib --enable-nls --with-sysroot=/ --enable-clocale=gnu --enable-libstdcxx-debug --enable-libstdcxx-time=yes --enable-plugin --enable-objc-gc --disable-werror --with-arch-32=i686 --with-tune=generic --enable-checking=release --build=x86_64-linux-gnu --host=x86_64-linux-gnu --target=x86_64-linux-gnu
Thread model: posix
gcc version 4.6.1 (Ubuntu/Linaro 4.6.1-9ubuntu3) 
configure:4880: $? = 0
configure:4869: gcc -V >&5
gcc: error: unrecognized option '-V'
gcc: fatal error: no input files
compilation terminated.
configure:4880: $? = 4
configure:4869: gcc -qversion >&5
gcc: error: unrecognized option '-qversion'
gcc: fatal error: no input files
compilation terminated.
configure:4880: $? = 4
configure:4884: checking whether we are using the GNU C compiler
configure:4903: gcc -c   conftest.c >&5
configure:4903: $? = 0
configure:4912: result: yes
configure:4921: checking whether gcc accepts -g
configure:4941: gcc -c -g  conftest.c >&5
configure:4941: $? = 0
configure:4982: result: yes
configure:4999: checking for gcc option to accept ISO C89
configure:5063: gcc  -c -g -O2  conftest.c >&5
configure:5063: $? = 0
configure:5076: result: none needed
configure:5098: checking dependency style of gcc
configure:5208: result: gcc3
configure:5228: checking how to run the C preprocessor
configure:5259: gcc -E  conftest.c
configure:5259: $? = 0
configure:5273: gcc -E  conftest.c
conftest.c:11:28: fatal error: ac_nonexistent.h: No such file or directory
compilation terminated.
configure:5273: $? = 1
configure: failed program was:
| /* confdefs.h */
| #define PACKAGE_NAME "WSDLPull"
| #define PACKAGE_TARNAME "wsdlpull"
| #define PACKAGE_VERSION "1.24"
| #define PACKAGE_STRING "WSDLPull 1.24"
| #define PACKAGE_BUGREPORT "vivek200120@users.sourceforge.net"
| #define PACKAGE_URL ""
| #define PACKAGE "wsdlpull"
| #define VERSION "1.24"
| /* end confdefs.h.  */
| #include <ac_nonexistent.h>
configure:5298: result: gcc -E
configure:5318: gcc -E  conftest.c
configure:5318: $? = 0
configure:5332: gcc -E  conftest.c
conftest.c:11:28: fatal error: ac_nonexistent.h: No such file or directory
compilation terminated.
configure:5332: $? = 1
configure: failed program was:
| /* confdefs.h */
| #define PACKAGE_NAME "WSDLPull"
| #define PACKAGE_TARNAME "wsdlpull"
| #define PACKAGE_VERSION "1.24"
| #define PACKAGE_STRING "WSDLPull 1.24"
| #define PACKAGE_BUGREPORT "vivek200120@users.sourceforge.net"
| #define PACKAGE_URL ""
| #define PACKAGE "wsdlpull"
| #define VERSION "1.24"
| /* end confdefs.h.  */
| #include <ac_nonexistent.h>
configure:5362: checking whether ln -s works
configure:5366: result: yes
configure:5399: checking for a sed that does not truncate output
configure:5463: result: /bin/sed
configure:5481: checking for grep that handles long lines and -e
configure:5539: result: /bin/grep
configure:5544: checking for egrep
configure:5606: result: /bin/grep -E
configure:5611: checking for fgrep
configure:5673: result: /bin/grep -F
configure:5708: checking for ld used by gcc
configure:5775: result: /usr/bin/ld
configure:5782: checking if the linker (/usr/bin/ld) is GNU ld
configure:5797: result: yes
configure:5809: checking for BSD- or MS-compatible name lister (nm)
configure:5858: result: /usr/bin/nm -B
configure:5976: checking the name lister (/usr/bin/nm -B) interface
configure:5983: gcc -c   conftest.c >&5
configure:5986: /usr/bin/nm -B "conftest.o"
configure:5989: output
0000000000000000 B some_variable
configure:5996: result: BSD nm
configure:6000: checking the maximum length of command line arguments
configure:6120: result: 3458764513820540925
configure:6137: checking whether the shell understands some XSI constructs
configure:6147: result: yes
configure:6151: checking whether the shell understands "+="
configure:6157: result: yes
configure:6192: checking for /usr/bin/ld option to reload object files
configure:6199: result: -r
configure:6268: checking for objdump
configure:6284: found /usr/bin/objdump
configure:6295: result: objdump
configure:6327: checking how to recognize dependent libraries
configure:6523: result: pass_all
configure:6583: checking for ar
configure:6599: found /usr/bin/ar
configure:6610: result: ar
configure:6688: checking for strip
configure:6704: found /usr/bin/strip
configure:6715: result: strip
configure:6787: checking for ranlib
configure:6803: found /usr/bin/ranlib
configure:6814: result: ranlib
configure:6904: checking command to parse /usr/bin/nm -B output from gcc object
configure:7022: gcc -c   conftest.c >&5
configure:7025: $? = 0
configure:7029: /usr/bin/nm -B conftest.o \| sed -n -e 's/^.*[	 ]\([ABCDGIRSTW][ABCDGIRSTW]*\)[	 ][	 ]*\([_A-Za-z][_A-Za-z0-9]*\)$/\1 \2 \2/p' \> conftest.nm
configure:7032: $? = 0
configure:7086: gcc -o conftest    conftest.c conftstm.o >&5
configure:7089: $? = 0
configure:7127: result: ok
configure:7223: gcc -c   conftest.c >&5
configure:7226: $? = 0
configure:7932: checking for ANSI C header files
configure:7952: gcc -c   conftest.c >&5
configure:7952: $? = 0
configure:8025: gcc -o conftest    conftest.c  >&5
configure:8025: $? = 0
configure:8025: ./conftest
configure:8025: $? = 0
configure:8036: result: yes
configure:8049: checking for sys/types.h
configure:8049: gcc -c   conftest.c >&5
configure:8049: $? = 0
configure:8049: result: yes
configure:8049: checking for sys/stat.h
configure:8049: gcc -c   conftest.c >&5
configure:8049: $? = 0
configure:8049: result: yes
configure:8049: checking for stdlib.h
configure:8049: gcc -c   conftest.c >&5
configure:8049: $? = 0
configure:8049: result: yes
configure:8049: checking for string.h
configure:8049: gcc -c   conftest.c >&5
configure:8049: $? = 0
configure:8049: result: yes
configure:8049: checking for memory.h
configure:8049: gcc -c   conftest.c >&5
configure:8049: $? = 0
configure:8049: result: yes
configure:8049: checking for strings.h
configure:8049: gcc -c   conftest.c >&5
configure:8049: $? = 0
configure:8049: result: yes
configure:8049: checking for inttypes.h
configure:8049: gcc -c   conftest.c >&5
configure:8049: $? = 0
configure:8049: result: yes
configure:8049: checking for stdint.h
configure:8049: gcc -c   conftest.c >&5
configure:8049: $? = 0
configure:8049: result: yes
configure:8049: checking for unistd.h
configure:8049: gcc -c   conftest.c >&5
configure:8049: $? = 0
configure:8049: result: yes
configure:8064: checking for dlfcn.h
configure:8064: gcc -c   conftest.c >&5
configure:8064: $? = 0
configure:8064: result: yes
configure:8189: checking for C++ compiler version
configure:8198: g++ --version >&5
g++ (Ubuntu/Linaro 4.6.1-9ubuntu3) 4.6.1
Copyright (C) 2011 Free Software Foundation, Inc.
This is free software; see the source for copying conditions.  There is NO
warranty; not even for MERCHANTABILITY or FITNESS FOR A PARTICULAR PURPOSE.

configure:8209: $? = 0
configure:8198: g++ -v >&5
Using built-in specs.
COLLECT_GCC=g++
COLLECT_LTO_WRAPPER=/usr/lib/gcc/x86_64-linux-gnu/4.6.1/lto-wrapper
Target: x86_64-linux-gnu
Configured with: ../src/configure -v --with-pkgversion='Ubuntu/Linaro 4.6.1-9ubuntu3' --with-bugurl=file:///usr/share/doc/gcc-4.6/README.Bugs --enable-languages=c,c++,fortran,objc,obj-c++,go --prefix=/usr --program-suffix=-4.6 --enable-shared --enable-linker-build-id --with-system-zlib --libexecdir=/usr/lib --without-included-gettext --enable-threads=posix --with-gxx-include-dir=/usr/include/c++/4.6 --libdir=/usr/lib --enable-nls --with-sysroot=/ --enable-clocale=gnu --enable-libstdcxx-debug --enable-libstdcxx-time=yes --enable-plugin --enable-objc-gc --disable-werror --with-arch-32=i686 --with-tune=generic --enable-checking=release --build=x86_64-linux-gnu --host=x86_64-linux-gnu --target=x86_64-linux-gnu
Thread model: posix
gcc version 4.6.1 (Ubuntu/Linaro 4.6.1-9ubuntu3) 
configure:8209: $? = 0
configure:8198: g++ -V >&5
g++: error: unrecognized option '-V'
g++: fatal error: no input files
compilation terminated.
configure:8209: $? = 4
configure:8198: g++ -qversion >&5
g++: error: unrecognized option '-qversion'
g++: fatal error: no input files
compilation terminated.
configure:8209: $? = 4
configure:8213: checking whether we are using the GNU C++ compiler
configure:8241: result: yes
configure:8250: checking whether g++ accepts -g
configure:8311: result: yes
configure:8336: checking dependency style of g++
configure:8446: result: gcc3
configure:8469: checking how to run the C++ preprocessor
configure:8535: result: g++ -E
configure:8555: g++ -E  conftest.cpp
configure:8555: $? = 0
configure:8569: g++ -E  conftest.cpp
conftest.cpp:22:28: fatal error: ac_nonexistent.h: No such file or directory
compilation terminated.
configure:8569: $? = 1
configure: failed program was:
| /* confdefs.h */
| #define PACKAGE_NAME "WSDLPull"
| #define PACKAGE_TARNAME "wsdlpull"
| #define PACKAGE_VERSION "1.24"
| #define PACKAGE_STRING "WSDLPull 1.24"
| #define PACKAGE_BUGREPORT "vivek200120@users.sourceforge.net"
| #define PACKAGE_URL ""
| #define PACKAGE "wsdlpull"
| #define VERSION "1.24"
| #define STDC_HEADERS 1
| #define HAVE_SYS_TYPES_H 1
| #define HAVE_SYS_STAT_H 1
| #define HAVE_STDLIB_H 1
| #define HAVE_STRING_H 1
| #define HAVE_MEMORY_H 1
| #define HAVE_STRINGS_H 1
| #define HAVE_INTTYPES_H 1
| #define HAVE_STDINT_H 1
| #define HAVE_UNISTD_H 1
| #define HAVE_DLFCN_H 1
| /* end confdefs.h.  */
| #include <ac_nonexistent.h>
configure:8715: checking for objdir
configure:8730: result: .libs
configure:9026: checking if gcc supports -fno-rtti -fno-exceptions
configure:9044: gcc -c   -fno-rtti -fno-exceptions conftest.c >&5
cc1: warning: command line option '-fno-rtti' is valid for C++/ObjC++ but not for C [enabled by default]
configure:9048: $? = 0
configure:9061: result: no
configure:9081: checking for gcc option to produce PIC
configure:9353: result: -fPIC -DPIC
configure:9365: checking if gcc PIC flag -fPIC -DPIC works
configure:9383: gcc -c   -fPIC -DPIC -DPIC conftest.c >&5
configure:9387: $? = 0
configure:9400: result: yes
configure:9424: checking if gcc static flag -static works
configure:9452: result: yes
configure:9467: checking if gcc supports -c -o file.o
configure:9488: gcc -c   -o out/conftest2.o conftest.c >&5
configure:9492: $? = 0
configure:9514: result: yes
configure:9522: checking if gcc supports -c -o file.o
configure:9569: result: yes
configure:9602: checking whether the gcc linker (/usr/bin/ld -m elf_x86_64) supports shared libraries
configure:10588: result: yes
configure:10625: checking whether -lc should be explicitly linked in
configure:10630: gcc -c   conftest.c >&5
configure:10633: $? = 0
configure:10648: gcc -shared conftest.o  -v -Wl,-soname -Wl,conftest -o conftest 2\>\&1 \| /bin/grep  -lc  \>/dev/null 2\>\&1
configure:10651: $? = 0
configure:10663: result: no
configure:10827: checking dynamic linker characteristics
configure:11260: gcc -o conftest    -Wl,-rpath -Wl,/foo conftest.c  >&5
configure:11260: $? = 0
configure:11481: result: GNU/Linux ld.so
configure:11583: checking how to hardcode library paths into programs
configure:11608: result: immediate
configure:12128: checking whether stripping libraries is possible
configure:12133: result: yes
configure:12168: checking if libtool supports shared libraries
configure:12170: result: yes
configure:12173: checking whether to build shared libraries
configure:12194: result: yes
configure:12197: checking whether to build static libraries
configure:12201: result: no
configure:12351: checking for ld used by g++
configure:12418: result: /usr/bin/ld -m elf_x86_64
configure:12425: checking if the linker (/usr/bin/ld -m elf_x86_64) is GNU ld
configure:12440: result: yes
configure:12495: checking whether the g++ linker (/usr/bin/ld -m elf_x86_64) supports shared libraries
configure:13408: result: yes
configure:13436: g++ -c   conftest.cpp >&5
configure:13439: $? = 0
configure:13621: checking for g++ option to produce PIC
configure:13938: result: -fPIC -DPIC
configure:13947: checking if g++ PIC flag -fPIC -DPIC works
configure:13965: g++ -c   -fPIC -DPIC -DPIC conftest.cpp >&5
configure:13969: $? = 0
configure:13982: result: yes
configure:14003: checking if g++ static flag -static works
configure:14031: result: yes
configure:14043: checking if g++ supports -c -o file.o
configure:14064: g++ -c   -o out/conftest2.o conftest.cpp >&5
configure:14068: $? = 0
configure:14090: result: yes
configure:14095: checking if g++ supports -c -o file.o
configure:14142: result: yes
configure:14172: checking whether the g++ linker (/usr/bin/ld -m elf_x86_64) supports shared libraries
configure:14198: result: yes
configure:14335: checking dynamic linker characteristics
configure:14716: g++ -o conftest    -Wl,-rpath -Wl,/foo conftest.cpp  >&5
configure:14716: $? = 0
configure:14937: result: GNU/Linux ld.so
configure:14988: checking how to hardcode library paths into programs
configure:15013: result: immediate
configure:15071: checking whether make sets $(MAKE)
configure:15093: result: yes
configure:15138: checking for size_t
configure:15138: g++ -c   conftest.cpp >&5
configure:15138: $? = 0
configure:15138: g++ -c   conftest.cpp >&5
conftest.cpp: In function 'int main()':
conftest.cpp:59:20: error: expected primary-expression before ')' token
configure:15138: $? = 1
configure: failed program was:
| /* confdefs.h */
| #define PACKAGE_NAME "WSDLPull"
| #define PACKAGE_TARNAME "wsdlpull"
| #define PACKAGE_VERSION "1.24"
| #define PACKAGE_STRING "WSDLPull 1.24"
| #define PACKAGE_BUGREPORT "vivek200120@users.sourceforge.net"
| #define PACKAGE_URL ""
| #define PACKAGE "wsdlpull"
| #define VERSION "1.24"
| #define STDC_HEADERS 1
| #define HAVE_SYS_TYPES_H 1
| #define HAVE_SYS_STAT_H 1
| #define HAVE_STDLIB_H 1
| #define HAVE_STRING_H 1
| #define HAVE_MEMORY_H 1
| #define HAVE_STRINGS_H 1
| #define HAVE_INTTYPES_H 1
| #define HAVE_STDINT_H 1
| #define HAVE_UNISTD_H 1
| #define HAVE_DLFCN_H 1
| #define LT_OBJDIR ".libs/"
| /* end confdefs.h.  */
| #include <stdio.h>
| #ifdef HAVE_SYS_TYPES_H
| # include <sys/types.h>
| #endif
| #ifdef HAVE_SYS_STAT_H
| # include <sys/stat.h>
| #endif
| #ifdef STDC_HEADERS
| # include <stdlib.h>
| # include <stddef.h>
| #else
| # ifdef HAVE_STDLIB_H
| #  include <stdlib.h>
| # endif
| #endif
| #ifdef HAVE_STRING_H
| # if !defined STDC_HEADERS && defined HAVE_MEMORY_H
| #  include <memory.h>
| # endif
| # include <string.h>
| #endif
| #ifdef HAVE_STRINGS_H
| # include <strings.h>
| #endif
| #ifdef HAVE_INTTYPES_H
| # include <inttypes.h>
| #endif
| #ifdef HAVE_STDINT_H
| # include <stdint.h>
| #endif
| #ifdef HAVE_UNISTD_H
| # include <unistd.h>
| #endif
| int
| main ()
| {
| if (sizeof ((size_t)))
| 	    return 0;
|   ;
|   return 0;
| }
configure:15138: result: yes
configure:15149: checking whether struct tm is in sys/time.h or time.h
configure:15169: g++ -c   conftest.cpp >&5
configure:15169: $? = 0
configure:15176: result: time.h
configure:15187: checking if malloc debugging is wanted
configure:15205: result: no
configure:15213: checking for ANSI C header files
configure:15317: result: yes
configure:15325: checking whether time.h and sys/time.h may both be included
configure:15345: g++ -c   conftest.cpp >&5
configure:15345: $? = 0
configure:15352: result: yes
configure:15367: checking fstream usability
configure:15367: g++ -c   conftest.cpp >&5
configure:15367: $? = 0
configure:15367: result: yes
configure:15367: checking fstream presence
configure:15367: g++ -E  conftest.cpp
configure:15367: $? = 0
configure:15367: result: yes
configure:15367: checking for fstream
configure:15367: result: yes
configure:15367: checking iostream usability
configure:15367: g++ -c   conftest.cpp >&5
configure:15367: $? = 0
configure:15367: result: yes
configure:15367: checking iostream presence
configure:15367: g++ -E  conftest.cpp
configure:15367: $? = 0
configure:15367: result: yes
configure:15367: checking for iostream
configure:15367: result: yes
configure:15367: checking list usability
configure:15367: g++ -c   conftest.cpp >&5
configure:15367: $? = 0
configure:15367: result: yes
configure:15367: checking list presence
configure:15367: g++ -E  conftest.cpp
configure:15367: $? = 0
configure:15367: result: yes
configure:15367: checking for list
configure:15367: result: yes
configure:15367: checking vector usability
configure:15367: g++ -c   conftest.cpp >&5
configure:15367: $? = 0
configure:15367: result: yes
configure:15367: checking vector presence
configure:15367: g++ -E  conftest.cpp
configure:15367: $? = 0
configure:15367: result: yes
configure:15367: checking for vector
configure:15367: result: yes
configure:15367: checking string usability
configure:15367: g++ -c   conftest.cpp >&5
configure:15367: $? = 0
configure:15367: result: yes
configure:15367: checking string presence
configure:15367: g++ -E  conftest.cpp
configure:15367: $? = 0
configure:15367: result: yes
configure:15367: checking for string
configure:15367: result: yes
configure:15390: checking getopt.h usability
configure:15390: g++ -c -g -Wall  conftest.cpp >&5
configure:15390: $? = 0
configure:15390: result: yes
configure:15390: checking getopt.h presence
configure:15390: g++ -E  conftest.cpp
configure:15390: $? = 0
configure:15390: result: yes
configure:15390: checking for getopt.h
configure:15390: result: yes
configure:15405: checking for getopt_long
configure:15405: g++ -o conftest -g -Wall   conftest.cpp  >&5
configure:15405: $? = 0
configure:15405: result: yes
configure:15470: checking for curl_easy_init in -lcurl
configure:15495: gcc -o conftest -g -Wall   conftest.c -lcurl   >&5
configure:15495: $? = 0
configure:15504: result: yes
configure:15677: creating ./config.status

## ---------------- ##
## Cache variables. ##
## ---------------- ##

ac_cv_build=x86_64-unknown-linux-gnu
ac_cv_c_compiler_gnu=yes
ac_cv_cxx_compiler_gnu=yes
ac_cv_env_CCC_set=
ac_cv_env_CCC_value=
ac_cv_env_CC_set=
ac_cv_env_CC_value=
ac_cv_env_CFLAGS_set=
ac_cv_env_CFLAGS_value=
ac_cv_env_CPPFLAGS_set=
ac_cv_env_CPPFLAGS_value=
ac_cv_env_CPP_set=
ac_cv_env_CPP_value=
ac_cv_env_CXXCPP_set=
ac_cv_env_CXXCPP_value=
ac_cv_env_CXXFLAGS_set=
ac_cv_env_CXXFLAGS_value=
ac_cv_env_CXX_set=
ac_cv_env_CXX_value=
ac_cv_env_LDFLAGS_set=
ac_cv_env_LDFLAGS_value=
ac_cv_env_LIBS_set=
ac_cv_env_LIBS_value=
ac_cv_env_build_alias_set=
ac_cv_env_build_alias_value=
ac_cv_env_host_alias_set=
ac_cv_env_host_alias_value=
ac_cv_env_target_alias_set=
ac_cv_env_target_alias_value=
ac_cv_func_getopt_long=yes
ac_cv_header_dlfcn_h=yes
ac_cv_header_fstream=yes
ac_cv_header_getopt_h=yes
ac_cv_header_inttypes_h=yes
ac_cv_header_iostream=yes
ac_cv_header_list=yes
ac_cv_header_memory_h=yes
ac_cv_header_stdc=yes
ac_cv_header_stdint_h=yes
ac_cv_header_stdlib_h=yes
ac_cv_header_string=yes
ac_cv_header_string_h=yes
ac_cv_header_strings_h=yes
ac_cv_header_sys_stat_h=yes
ac_cv_header_sys_types_h=yes
ac_cv_header_time=yes
ac_cv_header_unistd_h=yes
ac_cv_header_vector=yes
ac_cv_host=x86_64-unknown-linux-gnu
ac_cv_lib_curl_curl_easy_init=yes
ac_cv_objext=o
ac_cv_path_EGREP='/bin/grep -E'
ac_cv_path_FGREP='/bin/grep -F'
ac_cv_path_GREP=/bin/grep
ac_cv_path_SED=/bin/sed
ac_cv_path_install='/usr/bin/install -c'
ac_cv_path_mkdir=/bin/mkdir
ac_cv_prog_AWK=mawk
ac_cv_prog_CPP='gcc -E'
ac_cv_prog_CXXCPP='g++ -E'
ac_cv_prog_ac_ct_AR=ar
ac_cv_prog_ac_ct_CC=gcc
ac_cv_prog_ac_ct_CXX=g++
ac_cv_prog_ac_ct_OBJDUMP=objdump
ac_cv_prog_ac_ct_RANLIB=ranlib
ac_cv_prog_ac_ct_STRIP=strip
ac_cv_prog_cc_c89=
ac_cv_prog_cc_g=yes
ac_cv_prog_cxx_g=yes
ac_cv_prog_make_make_set=yes
ac_cv_struct_tm=time.h
ac_cv_type_size_t=yes
am_cv_CC_dependencies_compiler_type=gcc3
am_cv_CXX_dependencies_compiler_type=gcc3
lt_cv_deplibs_check_method=pass_all
lt_cv_file_magic_cmd='$MAGIC_CMD'
lt_cv_file_magic_test_file=
lt_cv_ld_reload_flag=-r
lt_cv_nm_interface='BSD nm'
lt_cv_objdir=.libs
lt_cv_path_LD=/usr/bin/ld
lt_cv_path_LDCXX='/usr/bin/ld -m elf_x86_64'
lt_cv_path_NM='/usr/bin/nm -B'
lt_cv_prog_compiler_c_o=yes
lt_cv_prog_compiler_c_o_CXX=yes
lt_cv_prog_compiler_pic_works=yes
lt_cv_prog_compiler_pic_works_CXX=yes
lt_cv_prog_compiler_rtti_exceptions=no
lt_cv_prog_compiler_static_works=yes
lt_cv_prog_compiler_static_works_CXX=yes
lt_cv_prog_gnu_ld=yes
lt_cv_prog_gnu_ldcxx=yes
lt_cv_sys_global_symbol_pipe='sed -n -e '\''s/^.*[	 ]\([ABCDGIRSTW][ABCDGIRSTW]*\)[	 ][	 ]*\([_A-Za-z][_A-Za-z0-9]*\)$/\1 \2 \2/p'\'''
lt_cv_sys_global_symbol_to_c_name_address='sed -n -e '\''s/^: \([^ ]*\) $/  {\"\1\", (void *) 0},/p'\'' -e '\''s/^[ABCDGIRSTW]* \([^ ]*\) \([^ ]*\)$/  {"\2", (void *) \&\2},/p'\'''
lt_cv_sys_global_symbol_to_c_name_address_lib_prefix='sed -n -e '\''s/^: \([^ ]*\) $/  {\"\1\", (void *) 0},/p'\'' -e '\''s/^[ABCDGIRSTW]* \([^ ]*\) \(lib[^ ]*\)$/  {"\2", (void *) \&\2},/p'\'' -e '\''s/^[ABCDGIRSTW]* \([^ ]*\) \([^ ]*\)$/  {"lib\2", (void *) \&\2},/p'\'''
lt_cv_sys_global_symbol_to_cdecl='sed -n -e '\''s/^T .* \(.*\)$/extern int \1();/p'\'' -e '\''s/^[ABCDGIRSTW]* .* \(.*\)$/extern char \1;/p'\'''
lt_cv_sys_max_cmd_len=3458764513820540925

## ----------------- ##
## Output variables. ##
## ----------------- ##

ACLOCAL='${SHELL} /home/sozontov/projects/wsdlpull2ruby/wsdlpull-1.24/config/missing --run aclocal-1.11'
AMDEPBACKSLASH='\'
AMDEP_FALSE='#'
AMDEP_TRUE=''
AMTAR='${SHELL} /home/sozontov/projects/wsdlpull2ruby/wsdlpull-1.24/config/missing --run tar'
AR='ar'
AUTOCONF='${SHELL} /home/sozontov/projects/wsdlpull2ruby/wsdlpull-1.24/config/missing --run autoconf'
AUTOHEADER='${SHELL} /home/sozontov/projects/wsdlpull2ruby/wsdlpull-1.24/config/missing --run autoheader'
AUTOMAKE='${SHELL} /home/sozontov/projects/wsdlpull2ruby/wsdlpull-1.24/config/missing --run automake-1.11'
AWK='mawk'
CC='gcc'
CCDEPMODE='depmode=gcc3'
CFLAGS='-g -Wall'
CPP='gcc -E'
CPPFLAGS=''
CXX='g++'
CXXCPP='g++ -E'
CXXDEPMODE='depmode=gcc3'
CXXFLAGS='-g -Wall'
CYGPATH_W='echo'
DEFS='-DHAVE_CONFIG_H'
DEPDIR='.deps'
DSYMUTIL=''
DUMPBIN=''
ECHO_C=''
ECHO_N='-n'
ECHO_T=''
EGREP='/bin/grep -E'
EXAMPLES_FALSE=''
EXAMPLES_TRUE='#'
EXEEXT=''
FGREP='/bin/grep -F'
GENERIC_LIBRARY_VERSION='1:24:0'
GREP='/bin/grep'
INSTALL_DATA='${INSTALL} -m 644'
INSTALL_PROGRAM='${INSTALL}'
INSTALL_SCRIPT='${INSTALL}'
INSTALL_STRIP_PROGRAM='$(install_sh) -c -s'
LD='/usr/bin/ld -m elf_x86_64'
LDFLAGS=''
LIBOBJS=''
LIBS='-lcurl '
LIBTOOL='$(SHELL) $(top_builddir)/libtool'
LIPO=''
LN_S='ln -s'
LTLIBOBJS=''
MAKEINFO='${SHELL} /home/sozontov/projects/wsdlpull2ruby/wsdlpull-1.24/config/missing --run makeinfo'
MKDIR_P='/bin/mkdir -p'
NM='/usr/bin/nm -B'
NMEDIT=''
OBJDUMP='objdump'
OBJEXT='o'
OTOOL64=''
OTOOL=''
PACKAGE='wsdlpull'
PACKAGE_BUGREPORT='vivek200120@users.sourceforge.net'
PACKAGE_NAME='WSDLPull'
PACKAGE_STRING='WSDLPull 1.24'
PACKAGE_TARNAME='wsdlpull'
PACKAGE_URL=''
PACKAGE_VERSION='1.24'
PATH_SEPARATOR=':'
RANLIB='ranlib'
SED='/bin/sed'
SET_MAKE=''
SHELL='/bin/bash'
STRIP='strip'
VERSION='1.24'
ac_ct_CC='gcc'
ac_ct_CXX='g++'
ac_ct_DUMPBIN=''
am__EXEEXT_FALSE=''
am__EXEEXT_TRUE='#'
am__fastdepCC_FALSE='#'
am__fastdepCC_TRUE=''
am__fastdepCXX_FALSE='#'
am__fastdepCXX_TRUE=''
am__include='include'
am__isrc=''
am__leading_dot='.'
am__quote=''
am__tar='${AMTAR} chof - "$$tardir"'
am__untar='${AMTAR} xf -'
bindir='${exec_prefix}/bin'
build='x86_64-unknown-linux-gnu'
build_alias=''
build_cpu='x86_64'
build_os='linux-gnu'
build_vendor='unknown'
datadir='${datarootdir}'
datarootdir='${prefix}/share'
docdir='${datarootdir}/doc/wsdlpull-1.24'
dvidir='${docdir}'
exec_prefix='${prefix}'
host='x86_64-unknown-linux-gnu'
host_alias=''
host_cpu='x86_64'
host_os='linux-gnu'
host_vendor='unknown'
htmldir='${docdir}'
includedir='${prefix}/include'
infodir='${datarootdir}/info'
install_sh='${SHELL} /home/sozontov/projects/wsdlpull2ruby/wsdlpull-1.24/config/install-sh'
libdir='${exec_prefix}/lib'
libexecdir='${exec_prefix}/libexec'
localedir='${datarootdir}/locale'
localstatedir='${prefix}/var'
lt_ECHO='echo'
mandir='${datarootdir}/man'
mkdir_p='/bin/mkdir -p'
oldincludedir='/usr/include'
pdfdir='${docdir}'
prefix='/usr/local'
program_transform_name='s,x,x,'
psdir='${docdir}'
sbindir='${exec_prefix}/sbin'
sharedstatedir='${prefix}/com'
sysconfdir='${prefix}/etc'
target_alias=''

## ----------- ##
## confdefs.h. ##
## ----------- ##

/* confdefs.h */
#define PACKAGE_NAME "WSDLPull"
#define PACKAGE_TARNAME "wsdlpull"
#define PACKAGE_VERSION "1.24"
#define PACKAGE_STRING "WSDLPull 1.24"
#define PACKAGE_BUGREPORT "vivek200120@users.sourceforge.net"
#define PACKAGE_URL ""
#define PACKAGE "wsdlpull"
#define VERSION "1.24"
#define STDC_HEADERS 1
#define HAVE_SYS_TYPES_H 1
#define HAVE_SYS_STAT_H 1
#define HAVE_STDLIB_H 1
#define HAVE_STRING_H 1
#define HAVE_MEMORY_H 1
#define HAVE_STRINGS_H 1
#define HAVE_INTTYPES_H 1
#define HAVE_STDINT_H 1
#define HAVE_UNISTD_H 1
#define HAVE_DLFCN_H 1
#define LT_OBJDIR ".libs/"
#define STDC_HEADERS 1
#define TIME_WITH_SYS_TIME 1
#define HAVE_FSTREAM 1
#define HAVE_IOSTREAM 1
#define HAVE_LIST 1
#define HAVE_VECTOR 1
#define HAVE_STRING 1
#define HAVE_GETOPT_H 1
#define HAVE_GETOPT_LONG 1
#define HAVE_GETOPT_LONG 1
#define WITH_CURL 1

configure: exit 0

## ---------------------- ##
## Running config.status. ##
## ---------------------- ##

This file was extended by WSDLPull config.status 1.24, which was
generated by GNU Autoconf 2.65.  Invocation command line was

  CONFIG_FILES    = 
  CONFIG_HEADERS  = 
  CONFIG_LINKS    = 
  CONFIG_COMMANDS = 
  $ ./config.status 

on anton-hp

config.status:1157: creating Makefile
config.status:1157: creating docs/Makefile
config.status:1157: creating man/Makefile
config.status:1157: creating win32/Makefile
config.status:1157: creating win32/curl/Makefile
config.status:1157: creating win32/vs2005/Makefile
config.status:1157: creating win32/vs2008/Makefile
config.status:1157: creating src/Makefile
config.status:1157: creating src/xmlpull/Makefile
config.status:1157: creating src/schemaparser/Makefile
config.status:1157: creating src/wsdlparser/Makefile
config.status:1157: creating src/tools/Makefile
config.status:1157: creating examples/Makefile
config.status:1157: creating examples/print/Makefile
config.status:1157: creating examples/xml/Makefile
config.status:1157: creating examples/stocks/Makefile
config.status:1157: creating src/schemas/Makefile
config.status:1157: creating tests/Makefile
config.status:1157: creating tests/schema/Makefile
config.status:1157: creating tests/wsdl/Makefile
config.status:1157: creating src/config.h
config.status:1329: src/config.h is unchanged
config.status:1377: executing depfiles commands
config.status:1377: executing libtool commands

## ---------------------- ##
## Running config.status. ##
## ---------------------- ##

This file was extended by WSDLPull config.status 1.24, which was
generated by GNU Autoconf 2.65.  Invocation command line was

  CONFIG_FILES    = 
  CONFIG_HEADERS  = 
  CONFIG_LINKS    = 
  CONFIG_COMMANDS = 
  $ ./config.status src/config.h

on anton-hp

config.status:1157: creating src/config.h
config.status:1329: src/config.h is unchanged
